<?xml version="1.0" encoding="UTF-8"?>
<testsuite name="dao.Sql2oFarmerDaoTest" tests="6" skipped="0" failures="0" errors="0" timestamp="2020-02-21T11:31:02" hostname="sean-Lenovo-B50-80" time="0.498">
  <properties/>
  <testcase name="updateFarmerInformationUpdatesInformationCorrectly" classname="dao.Sql2oFarmerDaoTest" time="0.411"/>
  <testcase name="addingFarmerSetsId" classname="dao.Sql2oFarmerDaoTest" time="0.008"/>
  <testcase name="deleteByIdDeletesSingleFarmer" classname="dao.Sql2oFarmerDaoTest" time="0.044"/>
  <testcase name="deleteAllClearsAllFarmers" classname="dao.Sql2oFarmerDaoTest" time="0.019"/>
  <testcase name="existingFarmersCanBeFoundById" classname="dao.Sql2oFarmerDaoTest" time="0.009"/>
  <testcase name="ifNoFarmerAddedReturnsEmpty" classname="dao.Sql2oFarmerDaoTest" time="0.006"/>
  <system-out><![CDATA[]]></system-out>
  <system-err><![CDATA[]]></system-err>
</testsuite>
