<?xml version="1.0" encoding="UTF-8"?>
<testsuite name="models.FarmerTest" tests="3" skipped="0" failures="0" errors="0" timestamp="2020-02-21T11:31:02" hostname="sean-Lenovo-B50-80" time="0.007">
  <properties/>
  <testcase name="farmerGetterMethodsWorkCorrectly" classname="models.FarmerTest" time="0.002"/>
  <testcase name="farmerInstantiatesCorrectly" classname="models.FarmerTest" time="0.0"/>
  <testcase name="farmerSettersWorkCorrectlySettingNewValues" classname="models.FarmerTest" time="0.001"/>
  <system-out><![CDATA[]]></system-out>
  <system-err><![CDATA[]]></system-err>
</testsuite>
